<?xml version="1.0" encoding="UTF-8"?>
<!-- Generated by org.testng.reporters.JUnitXMLReporter -->
<testsuite ignored="0" hostname="Dinesh" failures="0" tests="4" name="Test" time="0.147" errors="0" timestamp="2022-01-22T14:44:57 IST">
  <testcase classname="MavenProjecttt.MavenJava.RESTApiTest" name="Initialise" time="0.009"/>
  <testcase classname="MavenProjecttt.MavenJava.RESTApiTest" name="TwitterDelete" time="0.001"/>
  <testcase classname="MavenProjecttt.MavenJava.SeleniumTest" name="Bye" time="0.001"/>
  <testcase classname="MavenProjecttt.MavenJava.SeleniumTest" name="Hello" time="0.0"/>
</testsuite> <!-- Test -->
